2025-05-29 23:48:51,725 - root - INFO - Iniciando procesamiento
2025-05-29 23:48:51,725 - src.genome - INFO - Genoma cargado; longitud: 64 bp
2025-05-29 23:48:51,726 - src.peaks - WARNING - Fila 2: campos vacíos, omitiendo
2025-05-29 23:48:51,726 - src.peaks - INFO - Resumen de procesamiento:
  Líneas totales: 5
  Picos válidos: 3
  Picos inválidos: 1
2025-05-29 23:48:51,726 - src.peaks - WARNING - TF_BAD: coordenadas inválidas (100, 200)
2025-05-29 23:48:51,726 - src.peaks - INFO - Extracción completada: totales=3, válidos=2, inválidos=1
2025-05-29 23:48:51,727 - src.io_utils - INFO - Archivo generado: '/private/var/folders/lk/h6dz5v4910sg3w4rk_4t2spm0000gn/T/pytest-of-ashleyyaelmontielvargas/pytest-14/test_line_length_config_10_10_0/output/TF1.fa' ('1 secuencias)
2025-05-29 23:48:51,727 - src.io_utils - INFO - Archivo generado: '/private/var/folders/lk/h6dz5v4910sg3w4rk_4t2spm0000gn/T/pytest-of-ashleyyaelmontielvargas/pytest-14/test_line_length_config_10_10_0/output/TF2.fa' ('1 secuencias)
2025-05-29 23:48:51,727 - root - INFO - Proceso completado. Archivos generados: 2
2025-05-29 23:48:51,911 - root - INFO - Iniciando procesamiento
2025-05-29 23:48:51,911 - src.genome - INFO - Genoma cargado; longitud: 64 bp
2025-05-29 23:48:51,912 - src.peaks - WARNING - Fila 2: campos vacíos, omitiendo
2025-05-29 23:48:51,912 - src.peaks - INFO - Resumen de procesamiento:
  Líneas totales: 5
  Picos válidos: 3
  Picos inválidos: 1
2025-05-29 23:48:51,912 - src.peaks - WARNING - TF_BAD: coordenadas inválidas (100, 200)
2025-05-29 23:48:51,912 - src.peaks - INFO - Extracción completada: totales=3, válidos=2, inválidos=1
2025-05-29 23:48:51,912 - src.io_utils - INFO - Archivo generado: '/private/var/folders/lk/h6dz5v4910sg3w4rk_4t2spm0000gn/T/pytest-of-ashleyyaelmontielvargas/pytest-14/test_line_length_config_60_60_0/output/TF1.fa' ('1 secuencias)
2025-05-29 23:48:51,912 - src.io_utils - INFO - Archivo generado: '/private/var/folders/lk/h6dz5v4910sg3w4rk_4t2spm0000gn/T/pytest-of-ashleyyaelmontielvargas/pytest-14/test_line_length_config_60_60_0/output/TF2.fa' ('1 secuencias)
2025-05-29 23:48:51,912 - root - INFO - Proceso completado. Archivos generados: 2
