2025-04-30 20:55:58,336 - INFO - Iniciando el procesamiento de datos
2025-04-30 20:55:58,351 - INFO - Genoma cargado correctamente. Longitud: 4641652
2025-04-30 20:55:58,360 - INFO - Resumen de procesamiento:
  Lineas totales: 7823
  Picos validos: 7823
  Picos inválidos: 0
  Advertencias:
    Líneas vacias: 0
    Campos vacios: 0
  Errores:
    Coordenadas invalidas: 0
    Estructura incompleta: 0
2025-04-30 20:55:58,363 - INFO - Extracción de secuencias completada:
  Picos totales: 7823
  Picos válidos: 7823
  Picos inválidos: 0
2025-04-30 20:55:58,363 - INFO - Archivo generado: ../results/aaeR.fa (69 secuencias)
2025-04-30 20:55:58,364 - INFO - Archivo generado: ../results/agaR.fa (8 secuencias)
2025-04-30 20:55:58,365 - INFO - Archivo generado: ../results/allR.fa (101 secuencias)
2025-04-30 20:55:58,365 - INFO - Archivo generado: ../results/allS.fa (37 secuencias)
2025-04-30 20:55:58,365 - INFO - Archivo generado: ../results/argP.fa (113 secuencias)
2025-04-30 20:55:58,366 - INFO - Archivo generado: ../results/argR.fa (30 secuencias)
2025-04-30 20:55:58,366 - INFO - Archivo generado: ../results/arsR.fa (65 secuencias)
2025-04-30 20:55:58,366 - INFO - Archivo generado: ../results/ascG.fa (2 secuencias)
2025-04-30 20:55:58,366 - INFO - Archivo generado: ../results/asnC.fa (7 secuencias)
2025-04-30 20:55:58,366 - INFO - Archivo generado: ../results/basR.fa (8 secuencias)
2025-04-30 20:55:58,366 - INFO - Archivo generado: ../results/betI.fa (18 secuencias)
2025-04-30 20:55:58,367 - INFO - Archivo generado: ../results/cadC.fa (27 secuencias)
2025-04-30 20:55:58,367 - INFO - Archivo generado: ../results/cbl.fa (18 secuencias)
2025-04-30 20:55:58,367 - INFO - Archivo generado: ../results/cpxR.fa (21 secuencias)
2025-04-30 20:55:58,368 - INFO - Archivo generado: ../results/csgD.fa (397 secuencias)
2025-04-30 20:55:58,368 - INFO - Archivo generado: ../results/csiR.fa (87 secuencias)
2025-04-30 20:55:58,369 - INFO - Archivo generado: ../results/cusR.fa (4 secuencias)
2025-04-30 20:55:58,369 - INFO - Archivo generado: ../results/cynR.fa (105 secuencias)
2025-04-30 20:55:58,369 - INFO - Archivo generado: ../results/cysB.fa (171 secuencias)
2025-04-30 20:55:58,369 - INFO - Archivo generado: ../results/deoR.fa (37 secuencias)
2025-04-30 20:55:58,370 - INFO - Archivo generado: ../results/dgoR.fa (1 secuencias)
2025-04-30 20:55:58,370 - INFO - Archivo generado: ../results/dgsA.fa (5 secuencias)
2025-04-30 20:55:58,370 - INFO - Archivo generado: ../results/dicA.fa (90 secuencias)
2025-04-30 20:55:58,371 - INFO - Archivo generado: ../results/dicC.fa (279 secuencias)
2025-04-30 20:55:58,371 - INFO - Archivo generado: ../results/dinJ.fa (1 secuencias)
2025-04-30 20:55:58,372 - INFO - Archivo generado: ../results/ebgR.fa (2 secuencias)
2025-04-30 20:55:58,373 - INFO - Archivo generado: ../results/envY.fa (3 secuencias)
2025-04-30 20:55:58,373 - INFO - Archivo generado: ../results/exuR.fa (40 secuencias)
2025-04-30 20:55:58,373 - INFO - Archivo generado: ../results/fabR.fa (3 secuencias)
2025-04-30 20:55:58,373 - INFO - Archivo generado: ../results/fimZ.fa (50 secuencias)
2025-04-30 20:55:58,374 - INFO - Archivo generado: ../results/fucR.fa (1 secuencias)
2025-04-30 20:55:58,374 - INFO - Archivo generado: ../results/gadW.fa (7 secuencias)
2025-04-30 20:55:58,375 - INFO - Archivo generado: ../results/gadX.fa (178 secuencias)
2025-04-30 20:55:58,375 - INFO - Archivo generado: ../results/galR.fa (12 secuencias)
2025-04-30 20:55:58,376 - INFO - Archivo generado: ../results/galS.fa (3 secuencias)
2025-04-30 20:55:58,376 - INFO - Archivo generado: ../results/gcvA.fa (16 secuencias)
2025-04-30 20:55:58,376 - INFO - Archivo generado: ../results/gcvR.fa (3 secuencias)
2025-04-30 20:55:58,377 - INFO - Archivo generado: ../results/glnG.fa (165 secuencias)
2025-04-30 20:55:58,377 - INFO - Archivo generado: ../results/glpR.fa (2 secuencias)
2025-04-30 20:55:58,377 - INFO - Archivo generado: ../results/hcaR.fa (8 secuencias)
2025-04-30 20:55:58,377 - INFO - Archivo generado: ../results/hdfR.fa (3 secuencias)
2025-04-30 20:55:58,377 - INFO - Archivo generado: ../results/hipA.fa (20 secuencias)
2025-04-30 20:55:58,377 - INFO - Archivo generado: ../results/hipB.fa (32 secuencias)
2025-04-30 20:55:58,377 - INFO - Archivo generado: ../results/iclR.fa (4 secuencias)
2025-04-30 20:55:58,378 - INFO - Archivo generado: ../results/iscR.fa (109 secuencias)
2025-04-30 20:55:58,378 - INFO - Archivo generado: ../results/kdgR.fa (96 secuencias)
2025-04-30 20:55:58,379 - INFO - Archivo generado: ../results/lacI.fa (1 secuencias)
2025-04-30 20:55:58,379 - INFO - Archivo generado: ../results/lexA.fa (19 secuencias)
2025-04-30 20:55:58,379 - INFO - Archivo generado: ../results/lldR.fa (22 secuencias)
2025-04-30 20:55:58,379 - INFO - Archivo generado: ../results/marA.fa (50 secuencias)
2025-04-30 20:55:58,379 - INFO - Archivo generado: ../results/matA.fa (6 secuencias)
2025-04-30 20:55:58,379 - INFO - Archivo generado: ../results/mazE.fa (1 secuencias)
2025-04-30 20:55:58,379 - INFO - Archivo generado: ../results/melR.fa (57 secuencias)
2025-04-30 20:55:58,380 - INFO - Archivo generado: ../results/metR.fa (10 secuencias)
2025-04-30 20:55:58,380 - INFO - Archivo generado: ../results/mhpR.fa (2 secuencias)
2025-04-30 20:55:58,380 - INFO - Archivo generado: ../results/mlrA.fa (2 secuencias)
2025-04-30 20:55:58,380 - INFO - Archivo generado: ../results/mngR.fa (1 secuencias)
2025-04-30 20:55:58,380 - INFO - Archivo generado: ../results/modE.fa (8 secuencias)
2025-04-30 20:55:58,380 - INFO - Archivo generado: ../results/mraZ.fa (98 secuencias)
2025-04-30 20:55:58,382 - INFO - Archivo generado: ../results/nac.fa (504 secuencias)
2025-04-30 20:55:58,382 - INFO - Archivo generado: ../results/nagC.fa (12 secuencias)
2025-04-30 20:55:58,382 - INFO - Archivo generado: ../results/nanR.fa (388 secuencias)
2025-04-30 20:55:58,382 - INFO - Archivo generado: ../results/nhaR.fa (1 secuencias)
2025-04-30 20:55:58,383 - INFO - Archivo generado: ../results/nrdR.fa (3 secuencias)
2025-04-30 20:55:58,383 - INFO - Archivo generado: ../results/nsrR.fa (6 secuencias)
2025-04-30 20:55:58,383 - INFO - Archivo generado: ../results/ompR.fa (17 secuencias)
2025-04-30 20:55:58,383 - INFO - Archivo generado: ../results/paaX.fa (1 secuencias)
2025-04-30 20:55:58,383 - INFO - Archivo generado: ../results/pdhR.fa (347 secuencias)
2025-04-30 20:55:58,384 - INFO - Archivo generado: ../results/pepA.fa (1 secuencias)
2025-04-30 20:55:58,384 - INFO - Archivo generado: ../results/pspF.fa (2 secuencias)
2025-04-30 20:55:58,384 - INFO - Archivo generado: ../results/purR.fa (23 secuencias)
2025-04-30 20:55:58,384 - INFO - Archivo generado: ../results/racR.fa (2 secuencias)
2025-04-30 20:55:58,384 - INFO - Archivo generado: ../results/relE.fa (8 secuencias)
2025-04-30 20:55:58,384 - INFO - Archivo generado: ../results/rstA.fa (2 secuencias)
2025-04-30 20:55:58,385 - INFO - Archivo generado: ../results/rutR.fa (154 secuencias)
2025-04-30 20:55:58,385 - INFO - Archivo generado: ../results/sfsB.fa (258 secuencias)
2025-04-30 20:55:58,385 - INFO - Archivo generado: ../results/sgcR.fa (1 secuencias)
2025-04-30 20:55:58,386 - INFO - Archivo generado: ../results/sgrR.fa (3 secuencias)
2025-04-30 20:55:58,386 - INFO - Archivo generado: ../results/srlR.fa (2 secuencias)
2025-04-30 20:55:58,386 - INFO - Archivo generado: ../results/stpA.fa (201 secuencias)
2025-04-30 20:55:58,387 - INFO - Archivo generado: ../results/sxy.fa (164 secuencias)
2025-04-30 20:55:58,387 - INFO - Archivo generado: ../results/torR.fa (1 secuencias)
2025-04-30 20:55:58,388 - INFO - Archivo generado: ../results/treR.fa (48 secuencias)
2025-04-30 20:55:58,388 - INFO - Archivo generado: ../results/trpR.fa (6 secuencias)
2025-04-30 20:55:58,388 - INFO - Archivo generado: ../results/ttk.fa (32 secuencias)
2025-04-30 20:55:58,388 - INFO - Archivo generado: ../results/tyrR.fa (6 secuencias)
2025-04-30 20:55:58,388 - INFO - Archivo generado: ../results/uidR.fa (1 secuencias)
2025-04-30 20:55:58,390 - INFO - Archivo generado: ../results/ulaR.fa (405 secuencias)
2025-04-30 20:55:58,390 - INFO - Archivo generado: ../results/uvrY.fa (1 secuencias)
2025-04-30 20:55:58,390 - INFO - Archivo generado: ../results/uxuR.fa (61 secuencias)
2025-04-30 20:55:58,390 - INFO - Archivo generado: ../results/yafC.fa (37 secuencias)
2025-04-30 20:55:58,391 - INFO - Archivo generado: ../results/yafN.fa (225 secuencias)
2025-04-30 20:55:58,391 - INFO - Archivo generado: ../results/yagI.fa (153 secuencias)
2025-04-30 20:55:58,391 - INFO - Archivo generado: ../results/ybaQ.fa (43 secuencias)
2025-04-30 20:55:58,392 - INFO - Archivo generado: ../results/ybcM.fa (16 secuencias)
2025-04-30 20:55:58,392 - INFO - Archivo generado: ../results/ybhD.fa (2 secuencias)
2025-04-30 20:55:58,392 - INFO - Archivo generado: ../results/ybiH.fa (5 secuencias)
2025-04-30 20:55:58,392 - INFO - Archivo generado: ../results/ycgE.fa (2 secuencias)
2025-04-30 20:55:58,393 - INFO - Archivo generado: ../results/yciT.fa (87 secuencias)
2025-04-30 20:55:58,393 - INFO - Archivo generado: ../results/ycjW.fa (120 secuencias)
2025-04-30 20:55:58,394 - INFO - Archivo generado: ../results/ycjZ.fa (14 secuencias)
2025-04-30 20:55:58,394 - INFO - Archivo generado: ../results/ydaS.fa (1 secuencias)
2025-04-30 20:55:58,394 - INFO - Archivo generado: ../results/ydcN.fa (1 secuencias)
2025-04-30 20:55:58,394 - INFO - Archivo generado: ../results/ydcR.fa (20 secuencias)
2025-04-30 20:55:58,394 - INFO - Archivo generado: ../results/yddM.fa (20 secuencias)
2025-04-30 20:55:58,394 - INFO - Archivo generado: ../results/ydfH.fa (12 secuencias)
2025-04-30 20:55:58,395 - INFO - Archivo generado: ../results/ydjF.fa (2 secuencias)
2025-04-30 20:55:58,395 - INFO - Archivo generado: ../results/yeaM.fa (1 secuencias)
2025-04-30 20:55:58,395 - INFO - Archivo generado: ../results/yeaT.fa (2 secuencias)
2025-04-30 20:55:58,395 - INFO - Archivo generado: ../results/yedW.fa (2 secuencias)
2025-04-30 20:55:58,397 - INFO - Archivo generado: ../results/yegW.fa (167 secuencias)
2025-04-30 20:55:58,397 - INFO - Archivo generado: ../results/yeiE.fa (155 secuencias)
2025-04-30 20:55:58,398 - INFO - Archivo generado: ../results/yeiI.fa (34 secuencias)
2025-04-30 20:55:58,398 - INFO - Archivo generado: ../results/yfeC.fa (4 secuencias)
2025-04-30 20:55:58,398 - INFO - Archivo generado: ../results/yfeT.fa (28 secuencias)
2025-04-30 20:55:58,398 - INFO - Archivo generado: ../results/yfhH.fa (2 secuencias)
2025-04-30 20:55:58,398 - INFO - Archivo generado: ../results/yfiE.fa (1 secuencias)
2025-04-30 20:55:58,398 - INFO - Archivo generado: ../results/ygbI.fa (2 secuencias)
2025-04-30 20:55:58,398 - INFO - Archivo generado: ../results/ygeH.fa (1 secuencias)
2025-04-30 20:55:58,398 - INFO - Archivo generado: ../results/ygiT.fa (2 secuencias)
2025-04-30 20:55:58,398 - INFO - Archivo generado: ../results/yhaJ.fa (4 secuencias)
2025-04-30 20:55:58,399 - INFO - Archivo generado: ../results/yheO.fa (5 secuencias)
2025-04-30 20:55:58,399 - INFO - Archivo generado: ../results/yhfR.fa (92 secuencias)
2025-04-30 20:55:58,399 - INFO - Archivo generado: ../results/yhfZ.fa (1 secuencias)
2025-04-30 20:55:58,399 - INFO - Archivo generado: ../results/yhjC.fa (3 secuencias)
2025-04-30 20:55:58,399 - INFO - Archivo generado: ../results/yidZ.fa (233 secuencias)
2025-04-30 20:55:58,399 - INFO - Archivo generado: ../results/yihW.fa (3 secuencias)
2025-04-30 20:55:58,399 - INFO - Archivo generado: ../results/yijO.fa (1 secuencias)
2025-04-30 20:55:58,400 - INFO - Archivo generado: ../results/yjgJ.fa (1 secuencias)
2025-04-30 20:55:58,401 - INFO - Archivo generado: ../results/yjiR.fa (142 secuencias)
2025-04-30 20:55:58,401 - INFO - Archivo generado: ../results/yjjQ.fa (367 secuencias)
2025-04-30 20:55:58,402 - INFO - Archivo generado: ../results/ykgD.fa (2 secuencias)
2025-04-30 20:55:58,402 - INFO - Archivo generado: ../results/yncC.fa (189 secuencias)
2025-04-30 20:55:58,402 - INFO - Archivo generado: ../results/yoeB.fa (12 secuencias)
2025-04-30 20:55:58,402 - INFO - Archivo generado: ../results/ypdC.fa (160 secuencias)
2025-04-30 20:55:58,405 - INFO - Archivo generado: ../results/yqjI.fa (1 secuencias)
2025-04-30 20:55:58,405 - INFO - Archivo generado: ../results/ytfH.fa (43 secuencias)
2025-04-30 20:55:58,405 - INFO - Archivo generado: ../results/zraR.fa (1 secuencias)
2025-04-30 20:55:58,406 - INFO - Archivo generado: ../results/zur.fa (6 secuencias)
2025-04-30 20:55:58,406 - INFO - Proceso completado. Archivos generados: 139
